<?xml version="1.0" encoding="UTF-8"?>
<testng-results ignored="0" total="1" passed="1" failed="0" skipped="0">
  <reporter-output>
  </reporter-output>
  <suite started-at="2021-04-19T18:20:52 IST" name="Default suite" finished-at="2021-04-19T18:22:10 IST" duration-ms="78661">
    <groups>
    </groups>
    <test started-at="2021-04-19T18:20:52 IST" name="Default test" finished-at="2021-04-19T18:22:10 IST" duration-ms="78661">
      <class name="com.symbion.testcases.ShopProductOrderingPageTest">
        <test-method is-config="true" signature="setUp()[pri:0, instance:com.symbion.testcases.ShopProductOrderingPageTest@384ad17b]" started-at="2021-04-19T18:20:52 IST" name="setUp" finished-at="2021-04-19T18:21:46 IST" duration-ms="54168" status="PASS">
          <reporter-output>
          </reporter-output>
        </test-method> <!-- setUp -->
        <test-method signature="OrderingSelection()[pri:0, instance:com.symbion.testcases.ShopProductOrderingPageTest@384ad17b]" started-at="2021-04-19T18:21:46 IST" name="OrderingSelection" finished-at="2021-04-19T18:22:10 IST" duration-ms="24257" status="PASS">
          <reporter-output>
          </reporter-output>
        </test-method> <!-- OrderingSelection -->
        <test-method is-config="true" signature="teardown()[pri:0, instance:com.symbion.testcases.ShopProductOrderingPageTest@384ad17b]" started-at="2021-04-19T18:22:10 IST" name="teardown" finished-at="2021-04-19T18:22:10 IST" duration-ms="177" status="PASS">
          <reporter-output>
          </reporter-output>
        </test-method> <!-- teardown -->
      </class> <!-- com.symbion.testcases.ShopProductOrderingPageTest -->
    </test> <!-- Default test -->
  </suite> <!-- Default suite -->
</testng-results>
